12:31:12,376  INFO request.Log:12 - 
12:31:12,485 DEBUG io.netty.util.internal.logging.InternalLoggerFactory:89 - Using Log4J as the default logging framework
12:31:12,488 DEBUG io.netty.util.ResourceLeakDetector:129 - -Dio.netty.leakDetection.level: simple
12:31:12,488 DEBUG io.netty.util.ResourceLeakDetector:130 - -Dio.netty.leakDetection.targetRecords: 4
12:31:12,492 DEBUG io.netty.util.ResourceLeakDetectorFactory:196 - Loaded default ResourceLeakDetector: io.netty.util.ResourceLeakDetector@531c311e
12:31:12,506 DEBUG io.netty.util.internal.PlatformDependent0:460 - -Dio.netty.noUnsafe: false
12:31:12,506 DEBUG io.netty.util.internal.PlatformDependent0:954 - Java version: 11
12:31:12,508 DEBUG io.netty.util.internal.PlatformDependent0:135 - sun.misc.Unsafe.theUnsafe: available
12:31:12,509 DEBUG io.netty.util.internal.PlatformDependent0:159 - sun.misc.Unsafe.copyMemory: available
12:31:12,509 DEBUG io.netty.util.internal.PlatformDependent0:202 - java.nio.Buffer.address: available
12:31:12,509 DEBUG io.netty.util.internal.PlatformDependent0:285 - direct buffer constructor: unavailable: Reflective setAccessible(true) disabled
12:31:12,510 DEBUG io.netty.util.internal.PlatformDependent0:350 - java.nio.Bits.unaligned: available, true
12:31:12,511 DEBUG io.netty.util.internal.PlatformDependent0:417 - jdk.internal.misc.Unsafe.allocateUninitializedArray(int): unavailable: class io.netty.util.internal.PlatformDependent0$6 cannot access class jdk.internal.misc.Unsafe (in module java.base) because module java.base does not export jdk.internal.misc to unnamed module @239b0f9d
12:31:12,511 DEBUG io.netty.util.internal.PlatformDependent0:446 - java.nio.DirectByteBuffer.<init>(long, int): unavailable
12:31:12,512 DEBUG io.netty.util.internal.PlatformDependent:1103 - sun.misc.Unsafe: available
12:31:12,522 DEBUG io.netty.util.internal.PlatformDependent:1205 - maxDirectMemory: 4280287232 bytes (maybe)
12:31:12,522 DEBUG io.netty.util.internal.PlatformDependent:1224 - -Dio.netty.tmpdir: C:\Users\DMITRI~1.KUL\AppData\Local\Temp (java.io.tmpdir)
12:31:12,523 DEBUG io.netty.util.internal.PlatformDependent:1303 - -Dio.netty.bitMode: 64 (sun.arch.data.model)
12:31:12,523 DEBUG io.netty.util.internal.PlatformDependent:1063 - Platform: Windows
12:31:12,523 DEBUG io.netty.util.internal.PlatformDependent:178 - -Dio.netty.maxDirectMemory: -1 bytes
12:31:12,524 DEBUG io.netty.util.internal.PlatformDependent:185 - -Dio.netty.uninitializedArrayAllocationThreshold: -1
12:31:12,524 DEBUG io.netty.util.internal.CleanerJava9:71 - java.nio.ByteBuffer.cleaner(): available
12:31:12,524 DEBUG io.netty.util.internal.PlatformDependent:205 - -Dio.netty.noPreferDirect: false
12:31:12,529 DEBUG io.netty.util.internal.PlatformDependent:967 - org.jctools-core.MpscChunkedArrayQueue: available
12:31:12,545 DEBUG io.netty.util.internal.InternalThreadLocalMap:83 - -Dio.netty.threadLocalMap.stringBuilder.initialSize: 1024
12:31:12,545 DEBUG io.netty.util.internal.InternalThreadLocalMap:86 - -Dio.netty.threadLocalMap.stringBuilder.maxSize: 4096
12:31:12,557 DEBUG io.netty.handler.ssl.JdkSslContext:97 - Default protocols (JDK): [TLSv1.3, TLSv1.2, TLSv1.1, TLSv1] 
12:31:12,557 DEBUG io.netty.handler.ssl.JdkSslContext:98 - Default cipher suites (JDK): [TLS_ECDHE_ECDSA_WITH_AES_256_GCM_SHA384, TLS_ECDHE_ECDSA_WITH_AES_128_GCM_SHA256, TLS_ECDHE_RSA_WITH_AES_128_GCM_SHA256, TLS_ECDHE_RSA_WITH_AES_256_GCM_SHA384, TLS_ECDHE_RSA_WITH_AES_128_CBC_SHA, TLS_ECDHE_RSA_WITH_AES_256_CBC_SHA, TLS_RSA_WITH_AES_128_GCM_SHA256, TLS_RSA_WITH_AES_128_CBC_SHA, TLS_RSA_WITH_AES_256_CBC_SHA, TLS_AES_128_GCM_SHA256, TLS_AES_256_GCM_SHA384]
12:31:12,596 DEBUG io.netty.channel.MultithreadEventLoopGroup:44 - -Dio.netty.eventLoopThreads: 24
12:31:12,604 DEBUG io.netty.channel.nio.NioEventLoop:106 - -Dio.netty.noKeySetOptimization: false
12:31:12,604 DEBUG io.netty.channel.nio.NioEventLoop:107 - -Dio.netty.selectorAutoRebuildThreshold: 512
12:31:12,640 DEBUG io.netty.buffer.PooledByteBufAllocator:155 - -Dio.netty.allocator.numHeapArenas: 24
12:31:12,641 DEBUG io.netty.buffer.PooledByteBufAllocator:156 - -Dio.netty.allocator.numDirectArenas: 24
12:31:12,641 DEBUG io.netty.buffer.PooledByteBufAllocator:158 - -Dio.netty.allocator.pageSize: 8192
12:31:12,641 DEBUG io.netty.buffer.PooledByteBufAllocator:163 - -Dio.netty.allocator.maxOrder: 11
12:31:12,641 DEBUG io.netty.buffer.PooledByteBufAllocator:167 - -Dio.netty.allocator.chunkSize: 16777216
12:31:12,641 DEBUG io.netty.buffer.PooledByteBufAllocator:168 - -Dio.netty.allocator.smallCacheSize: 256
12:31:12,641 DEBUG io.netty.buffer.PooledByteBufAllocator:169 - -Dio.netty.allocator.normalCacheSize: 64
12:31:12,641 DEBUG io.netty.buffer.PooledByteBufAllocator:170 - -Dio.netty.allocator.maxCachedBufferCapacity: 32768
12:31:12,641 DEBUG io.netty.buffer.PooledByteBufAllocator:171 - -Dio.netty.allocator.cacheTrimInterval: 8192
12:31:12,642 DEBUG io.netty.buffer.PooledByteBufAllocator:172 - -Dio.netty.allocator.cacheTrimIntervalMillis: 0
12:31:12,642 DEBUG io.netty.buffer.PooledByteBufAllocator:173 - -Dio.netty.allocator.useCacheForAllThreads: true
12:31:12,642 DEBUG io.netty.buffer.PooledByteBufAllocator:174 - -Dio.netty.allocator.maxCachedByteBuffersPerChunk: 1023
12:31:12,650 DEBUG io.netty.buffer.ByteBufUtil:87 - -Dio.netty.allocator.type: pooled
12:31:12,650 DEBUG io.netty.buffer.ByteBufUtil:96 - -Dio.netty.threadLocalDirectBufferSize: 0
12:31:12,650 DEBUG io.netty.buffer.ByteBufUtil:99 - -Dio.netty.maxThreadLocalCharBufferSize: 16384
12:31:13,385 DEBUG io.netty.channel.DefaultChannelId:79 - -Dio.netty.processId: 15308 (auto-detected)
12:31:13,387 DEBUG io.netty.util.NetUtil:135 - -Djava.net.preferIPv4Stack: false
12:31:13,387 DEBUG io.netty.util.NetUtil:136 - -Djava.net.preferIPv6Addresses: false
12:31:13,433 DEBUG io.netty.util.NetUtilInitializations:129 - Loopback interface: lo (Software Loopback Interface 1, 127.0.0.1)
12:31:13,434 DEBUG io.netty.util.NetUtil:187 - Failed to get SOMAXCONN from sysctl and file \proc\sys\net\core\somaxconn. Default: 200
12:31:13,481 DEBUG io.netty.channel.DefaultChannelId:101 - -Dio.netty.machineId: 04:d9:f5:ff:fe:cb:41:7d (auto-detected)
12:31:13,517 DEBUG io.netty.buffer.AbstractByteBuf:63 - -Dio.netty.buffer.checkAccessible: true
12:31:13,518 DEBUG io.netty.buffer.AbstractByteBuf:64 - -Dio.netty.buffer.checkBounds: true
12:31:13,518 DEBUG io.netty.util.ResourceLeakDetectorFactory:196 - Loaded default ResourceLeakDetector: io.netty.util.ResourceLeakDetector@323524b7
12:31:13,536 DEBUG io.netty.util.Recycler:103 - -Dio.netty.recycler.maxCapacityPerThread: 4096
12:31:13,537 DEBUG io.netty.util.Recycler:104 - -Dio.netty.recycler.maxSharedCapacityFactor: 2
12:31:13,537 DEBUG io.netty.util.Recycler:105 - -Dio.netty.recycler.linkCapacity: 16
12:31:13,537 DEBUG io.netty.util.Recycler:106 - -Dio.netty.recycler.ratio: 8
12:31:13,537 DEBUG io.netty.util.Recycler:107 - -Dio.netty.recycler.delayedQueue.ratio: 8
12:31:14,015 DEBUG io.netty.handler.codec.compression.Brotli:38 - brotli4j not in the classpath; Brotli support will be unavailable.
12:31:14,091 DEBUG io.netty.util.internal.ThreadLocalRandom:214 - -Dio.netty.initialSeedUniquifier: 0x5eff90b16efe7b5e
12:31:18,897  INFO request.SendLogToMail:9 - This mail should be sent

Using Log4J as the default logging framework
-Dio.netty.leakDetection.level: simple
-Dio.netty.leakDetection.targetRecords: 4
Loaded default ResourceLeakDetector: io.netty.util.ResourceLeakDetector@524f3b3a
-Dio.netty.noUnsafe: false
Java version: 11
sun.misc.Unsafe.theUnsafe: available
sun.misc.Unsafe.copyMemory: available
java.nio.Buffer.address: available
direct buffer constructor: unavailable: Reflective setAccessible(true) disabled
java.nio.Bits.unaligned: available, true
jdk.internal.misc.Unsafe.allocateUninitializedArray(int): unavailable: class io.netty.util.internal.PlatformDependent0$6 cannot access class jdk.internal.misc.Unsafe (in module java.base) because module java.base does not export jdk.internal.misc to unnamed module @6c0d9d86
java.nio.DirectByteBuffer.<init>(long, int): unavailable
sun.misc.Unsafe: available
maxDirectMemory: 4280287232 bytes (maybe)
-Dio.netty.tmpdir: C:\Users\DMITRI~1.KUL\AppData\Local\Temp (java.io.tmpdir)
-Dio.netty.bitMode: 64 (sun.arch.data.model)
Platform: Windows
-Dio.netty.maxDirectMemory: -1 bytes
-Dio.netty.uninitializedArrayAllocationThreshold: -1
java.nio.ByteBuffer.cleaner(): available
-Dio.netty.noPreferDirect: false
org.jctools-core.MpscChunkedArrayQueue: available
-Dio.netty.threadLocalMap.stringBuilder.initialSize: 1024
-Dio.netty.threadLocalMap.stringBuilder.maxSize: 4096
Default protocols (JDK): [TLSv1.3, TLSv1.2, TLSv1.1, TLSv1] 
Default cipher suites (JDK): [TLS_ECDHE_ECDSA_WITH_AES_256_GCM_SHA384, TLS_ECDHE_ECDSA_WITH_AES_128_GCM_SHA256, TLS_ECDHE_RSA_WITH_AES_128_GCM_SHA256, TLS_ECDHE_RSA_WITH_AES_256_GCM_SHA384, TLS_ECDHE_RSA_WITH_AES_128_CBC_SHA, TLS_ECDHE_RSA_WITH_AES_256_CBC_SHA, TLS_RSA_WITH_AES_128_GCM_SHA256, TLS_RSA_WITH_AES_128_CBC_SHA, TLS_RSA_WITH_AES_256_CBC_SHA, TLS_AES_128_GCM_SHA256, TLS_AES_256_GCM_SHA384]
-Dio.netty.eventLoopThreads: 24
-Dio.netty.noKeySetOptimization: false
-Dio.netty.selectorAutoRebuildThreshold: 512
-Dio.netty.allocator.numHeapArenas: 24
-Dio.netty.allocator.numDirectArenas: 24
-Dio.netty.allocator.pageSize: 8192
-Dio.netty.allocator.maxOrder: 11
-Dio.netty.allocator.chunkSize: 16777216
-Dio.netty.allocator.smallCacheSize: 256
-Dio.netty.allocator.normalCacheSize: 64
-Dio.netty.allocator.maxCachedBufferCapacity: 32768
-Dio.netty.allocator.cacheTrimInterval: 8192
-Dio.netty.allocator.cacheTrimIntervalMillis: 0
-Dio.netty.allocator.useCacheForAllThreads: true
-Dio.netty.allocator.maxCachedByteBuffersPerChunk: 1023
-Dio.netty.allocator.type: pooled
-Dio.netty.threadLocalDirectBufferSize: 0
-Dio.netty.maxThreadLocalCharBufferSize: 16384
-Dio.netty.processId: 32 (auto-detected)
-Djava.net.preferIPv4Stack: false
-Djava.net.preferIPv6Addresses: false
Loopback interface: lo (Software Loopback Interface 1, 127.0.0.1)
Failed to get SOMAXCONN from sysctl and file \proc\sys\net\core\somaxconn. Default: 200
-Dio.netty.machineId: 04:d9:f5:ff:fe:cb:41:7d (auto-detected)
-Dio.netty.buffer.checkAccessible: true
-Dio.netty.buffer.checkBounds: true
Loaded default ResourceLeakDetector: io.netty.util.ResourceLeakDetector@6e7c219d
-Dio.netty.recycler.maxCapacityPerThread: 4096
-Dio.netty.recycler.maxSharedCapacityFactor: 2
-Dio.netty.recycler.linkCapacity: 16
-Dio.netty.recycler.ratio: 8
-Dio.netty.recycler.delayedQueue.ratio: 8
brotli4j not in the classpath; Brotli support will be unavailable.
-Dio.netty.initialSeedUniquifier: 0xcc419da40725e1cc
This mail should be sent

Using Log4J as the default logging framework
-Dio.netty.leakDetection.level: simple
-Dio.netty.leakDetection.targetRecords: 4
Loaded default ResourceLeakDetector: io.netty.util.ResourceLeakDetector@3d3e5463
-Dio.netty.noUnsafe: false
Java version: 11
sun.misc.Unsafe.theUnsafe: available
sun.misc.Unsafe.copyMemory: available
java.nio.Buffer.address: available
direct buffer constructor: unavailable: Reflective setAccessible(true) disabled
java.nio.Bits.unaligned: available, true
jdk.internal.misc.Unsafe.allocateUninitializedArray(int): unavailable: class io.netty.util.internal.PlatformDependent0$6 cannot access class jdk.internal.misc.Unsafe (in module java.base) because module java.base does not export jdk.internal.misc to unnamed module @6138e79a
java.nio.DirectByteBuffer.<init>(long, int): unavailable
sun.misc.Unsafe: available
maxDirectMemory: 4280287232 bytes (maybe)
-Dio.netty.tmpdir: C:\Users\DMITRI~1.KUL\AppData\Local\Temp (java.io.tmpdir)
-Dio.netty.bitMode: 64 (sun.arch.data.model)
Platform: Windows
-Dio.netty.maxDirectMemory: -1 bytes
-Dio.netty.uninitializedArrayAllocationThreshold: -1
java.nio.ByteBuffer.cleaner(): available
-Dio.netty.noPreferDirect: false
org.jctools-core.MpscChunkedArrayQueue: available
-Dio.netty.threadLocalMap.stringBuilder.initialSize: 1024
-Dio.netty.threadLocalMap.stringBuilder.maxSize: 4096
Default protocols (JDK): [TLSv1.3, TLSv1.2, TLSv1.1, TLSv1] 
Default cipher suites (JDK): [TLS_ECDHE_ECDSA_WITH_AES_256_GCM_SHA384, TLS_ECDHE_ECDSA_WITH_AES_128_GCM_SHA256, TLS_ECDHE_RSA_WITH_AES_128_GCM_SHA256, TLS_ECDHE_RSA_WITH_AES_256_GCM_SHA384, TLS_ECDHE_RSA_WITH_AES_128_CBC_SHA, TLS_ECDHE_RSA_WITH_AES_256_CBC_SHA, TLS_RSA_WITH_AES_128_GCM_SHA256, TLS_RSA_WITH_AES_128_CBC_SHA, TLS_RSA_WITH_AES_256_CBC_SHA, TLS_AES_128_GCM_SHA256, TLS_AES_256_GCM_SHA384]
-Dio.netty.eventLoopThreads: 24
-Dio.netty.noKeySetOptimization: false
-Dio.netty.selectorAutoRebuildThreshold: 512
-Dio.netty.allocator.numHeapArenas: 24
-Dio.netty.allocator.numDirectArenas: 24
-Dio.netty.allocator.pageSize: 8192
-Dio.netty.allocator.maxOrder: 11
-Dio.netty.allocator.chunkSize: 16777216
-Dio.netty.allocator.smallCacheSize: 256
-Dio.netty.allocator.normalCacheSize: 64
-Dio.netty.allocator.maxCachedBufferCapacity: 32768
-Dio.netty.allocator.cacheTrimInterval: 8192
-Dio.netty.allocator.cacheTrimIntervalMillis: 0
-Dio.netty.allocator.useCacheForAllThreads: true
-Dio.netty.allocator.maxCachedByteBuffersPerChunk: 1023
-Dio.netty.allocator.type: pooled
-Dio.netty.threadLocalDirectBufferSize: 0
-Dio.netty.maxThreadLocalCharBufferSize: 16384
-Dio.netty.processId: 16212 (auto-detected)
-Djava.net.preferIPv4Stack: false
-Djava.net.preferIPv6Addresses: false
Loopback interface: lo (Software Loopback Interface 1, 127.0.0.1)
Failed to get SOMAXCONN from sysctl and file \proc\sys\net\core\somaxconn. Default: 200
-Dio.netty.machineId: 04:d9:f5:ff:fe:cb:41:7d (auto-detected)
-Dio.netty.buffer.checkAccessible: true
-Dio.netty.buffer.checkBounds: true
Loaded default ResourceLeakDetector: io.netty.util.ResourceLeakDetector@1ff64eae
-Dio.netty.recycler.maxCapacityPerThread: 4096
-Dio.netty.recycler.maxSharedCapacityFactor: 2
-Dio.netty.recycler.linkCapacity: 16
-Dio.netty.recycler.ratio: 8
-Dio.netty.recycler.delayedQueue.ratio: 8
brotli4j not in the classpath; Brotli support will be unavailable.
-Dio.netty.initialSeedUniquifier: 0x10af1208b416adea
This mail should be sent
